<?xml version="1.0" encoding="UTF-8"?>
<!-- Generated by org.testng.reporters.JUnitReportReporter -->
<testsuite hostname="Raja" failures="0" tests="1" name="SmokeTestCases.LoginTestCaseWithValidData" time="8.038" errors="0" timestamp="2023-09-13T16:54:20 IST" skipped="0">
  <testcase classname="SmokeTestCases.LoginTestCaseWithValidData" name="logIn" time="8.038"/>
  <system-out/>
</testsuite> <!-- SmokeTestCases.LoginTestCaseWithValidData -->
