<?xml version="1.0" encoding="UTF-8"?>
<!-- Generated by org.testng.reporters.JUnitReportReporter -->
<testsuite hostname="Raja" failures="0" tests="1" name="CampaingTestCases.CreateCampaingRecordWithValidData" time="21.567" errors="0" timestamp="2023-09-14T12:28:15 IST" skipped="0">
  <testcase classname="CampaingTestCases.CreateCampaingRecordWithValidData" name="createCampaingRecord" time="21.567"/>
  <system-out/>
</testsuite> <!-- CampaingTestCases.CreateCampaingRecordWithValidData -->
