<?xml version="1.0" encoding="UTF-8"?>
<!-- Generated by org.testng.reporters.JUnitReportReporter -->
<testsuite hostname="Raja" failures="0" tests="1" name="TestNGDemo.LanchChrome" time="5.980" errors="0" timestamp="2023-08-03T07:28:50 IST" skipped="0">
  <testcase classname="TestNGDemo.LanchChrome" name="setUp" time="5.980"/>
  <system-out/>
</testsuite> <!-- TestNGDemo.LanchChrome -->
