<?xml version="1.0" encoding="UTF-8"?>
<!-- Generated by org.testng.reporters.JUnitReportReporter -->
<testsuite hostname="Raja" failures="0" tests="1" name="TC001_LOGIN" time="0.443" errors="0" timestamp="2023-08-19T22:32:23 IST" skipped="0">
  <testcase classname="TC001_LOGIN" name="loginwithValidData" time="0.443"/>
  <system-out/>
</testsuite> <!-- TC001_LOGIN -->
