<?xml version="1.0" encoding="UTF-8"?>
<!-- Generated by org.testng.reporters.JUnitReportReporter -->
<testsuite hostname="Raja" failures="0" tests="6" name="TestNGDemo.loginTest" time="65.249" errors="0" timestamp="2023-08-02T15:21:59 IST" skipped="0">
  <testcase classname="TestNGDemo.loginTest" name="login" time="58.850"/>
  <system-out/>
  <testcase classname="TestNGDemo.loginTest" name="verifyUrl" time="0.020"/>
  <system-out/>
  <testcase classname="TestNGDemo.loginTest" name="verifyTitle" time="0.013"/>
  <system-out/>
  <testcase classname="TestNGDemo.loginTest" name="pharmaProducts" time="5.656"/>
  <system-out/>
  <testcase classname="TestNGDemo.loginTest" name="logOut" time="0.563"/>
  <system-out/>
  <testcase classname="TestNGDemo.loginTest" name="closeBrowser" time="0.147"/>
  <system-out/>
</testsuite> <!-- TestNGDemo.loginTest -->
