<?xml version="1.0" encoding="UTF-8"?>
<!-- Generated by org.testng.reporters.JUnitReportReporter -->
<testsuite hostname="Raja" failures="0" tests="1" name="dataProvider.ExcelReader" time="1.002" errors="0" timestamp="2023-08-19T21:35:14 IST" skipped="0">
  <testcase classname="dataProvider.ExcelReader" name="getData" time="1.002"/>
  <system-out/>
</testsuite> <!-- dataProvider.ExcelReader -->
