<?xml version="1.0" encoding="UTF-8"?>
<!-- Generated by org.testng.reporters.JUnitReportReporter -->
<testsuite hostname="Raja" failures="0" tests="1" name="SmokeTestCases.LoginTestCaseWithValidData" time="21.315" errors="0" timestamp="2024-01-18T19:02:48 IST" skipped="0">
  <testcase classname="SmokeTestCases.LoginTestCaseWithValidData" name="logIn" time="21.315"/>
  <system-out/>
</testsuite> <!-- SmokeTestCases.LoginTestCaseWithValidData -->
