<?xml version="1.0" encoding="UTF-8"?>
<!-- Generated by org.testng.reporters.JUnitReportReporter -->
<testsuite hostname="Raja" failures="0" tests="4" name="OrangeHrmTestCases.loginTestCase" time="31.738" errors="0" timestamp="2023-08-08T15:36:49 IST" skipped="0">
  <testcase classname="OrangeHrmTestCases.loginTestCase" name="login" time="7.500"/>
  <system-out/>
  <testcase classname="OrangeHrmTestCases.loginTestCase" name="login" time="14.061"/>
  <system-out/>
  <testcase classname="OrangeHrmTestCases.loginTestCase" name="login" time="5.969"/>
  <system-out/>
  <testcase classname="OrangeHrmTestCases.loginTestCase" name="login" time="4.208"/>
  <system-out/>
</testsuite> <!-- OrangeHrmTestCases.loginTestCase -->
