<?xml version="1.0" encoding="UTF-8"?>
<!-- Generated by org.testng.reporters.JUnitReportReporter -->
<testsuite hostname="Raja" failures="0" tests="1" name="TestNGDemo.getHomeTitle" time="7.399" errors="0" timestamp="2023-07-26T09:47:18 IST" skipped="0">
  <testcase classname="TestNGDemo.getHomeTitle" name="getHomePageTitle" time="7.399"/>
  <system-out/>
</testsuite> <!-- TestNGDemo.getHomeTitle -->
