<?xml version="1.0" encoding="UTF-8"?>
<!-- Generated by org.testng.reporters.JUnitReportReporter -->
<testsuite hostname="Raja" failures="0" tests="4" name="OrangeHrmTestCases.CrossBrowserTestCaseDemo" time="35.728" errors="0" timestamp="2023-08-08T15:40:52 IST" skipped="0">
  <testcase classname="OrangeHrmTestCases.CrossBrowserTestCaseDemo" name="login" time="9.822"/>
  <system-out/>
  <testcase classname="OrangeHrmTestCases.CrossBrowserTestCaseDemo" name="login" time="7.117"/>
  <system-out/>
  <testcase classname="OrangeHrmTestCases.CrossBrowserTestCaseDemo" name="login" time="13.901"/>
  <system-out/>
  <testcase classname="OrangeHrmTestCases.CrossBrowserTestCaseDemo" name="login" time="4.888"/>
  <system-out/>
</testsuite> <!-- OrangeHrmTestCases.CrossBrowserTestCaseDemo -->
